TN:
SF:src/test.ts
FNF:0
FNH:0
DA:11,1
LF:1
LH:1
BRF:0
BRH:0
end_of_record
TN:
SF:src/zone-flags.ts
FNF:0
FNH:0
DA:6,1
LF:1
LH:1
BRF:0
BRH:0
end_of_record
TN:
SF:src/app/core/app.component.ts
FN:11,(anonymous_0)
FNF:1
FNH:1
FNDA:1,(anonymous_0)
DA:10,1
LF:1
LH:1
BRF:0
BRH:0
end_of_record
TN:
SF:src/app/pages/create.events.page/create.events.page.ts
FN:37,(anonymous_0)
FN:46,(anonymous_1)
FN:56,(anonymous_2)
FN:65,(anonymous_3)
FN:71,(anonymous_4)
FN:78,(anonymous_5)
FN:86,(anonymous_6)
FN:42,(anonymous_7)
FNF:8
FNH:6
FNDA:7,(anonymous_0)
FNDA:9,(anonymous_1)
FNDA:10,(anonymous_2)
FNDA:2,(anonymous_3)
FNDA:1,(anonymous_4)
FNDA:0,(anonymous_5)
FNDA:1,(anonymous_6)
FNDA:0,(anonymous_7)
DA:25,1
DA:27,7
DA:29,7
DA:30,7
DA:31,7
DA:32,7
DA:34,7
DA:35,7
DA:38,7
DA:39,7
DA:43,0
DA:46,7
DA:49,9
DA:50,1
DA:53,8
DA:56,7
DA:57,10
DA:65,7
DA:66,2
DA:68,1
DA:71,1
DA:73,1
DA:81,1
DA:82,1
DA:86,7
DA:87,1
LF:26
LH:25
BRDA:49,0,0,1
BRDA:49,1,0,9
BRDA:49,1,1,2
BRDA:66,2,0,1
BRDA:77,3,0,1
BRDA:77,3,1,0
BRF:6
BRH:5
end_of_record
TN:
SF:src/app/pages/detail.event.page/detail.event.page.ts
FN:31,(anonymous_0)
FN:39,(anonymous_1)
FN:47,(anonymous_2)
FN:52,(anonymous_3)
FN:59,(anonymous_4)
FN:35,(anonymous_5)
FNF:6
FNH:5
FNDA:7,(anonymous_0)
FNDA:2,(anonymous_1)
FNDA:3,(anonymous_2)
FNDA:1,(anonymous_3)
FNDA:0,(anonymous_4)
FNDA:1,(anonymous_5)
DA:21,1
DA:23,7
DA:26,7
DA:27,7
DA:28,7
DA:29,7
DA:32,7
DA:36,1
DA:39,7
DA:41,2
DA:42,1
DA:44,1
DA:47,7
DA:49,3
DA:50,2
DA:52,1
DA:54,1
DA:62,1
DA:63,1
LF:19
LH:19
BRDA:41,0,0,1
BRDA:41,1,0,2
BRDA:41,1,1,1
BRDA:49,2,0,2
BRDA:49,3,0,3
BRDA:49,3,1,2
BRDA:49,3,2,2
BRDA:49,4,0,2
BRDA:49,4,1,2
BRDA:58,5,0,1
BRDA:58,5,1,0
BRF:11
BRH:10
end_of_record
TN:
SF:src/app/pages/list.events.scene/list.events.page.ts
FN:35,(anonymous_0)
FN:41,(anonymous_1)
FN:45,(anonymous_2)
FN:50,(anonymous_3)
FN:57,(anonymous_4)
FN:67,(anonymous_5)
FN:37,(anonymous_6)
FNF:7
FNH:6
FNDA:5,(anonymous_0)
FNDA:1,(anonymous_1)
FNDA:1,(anonymous_2)
FNDA:1,(anonymous_3)
FNDA:0,(anonymous_4)
FNDA:1,(anonymous_5)
FNDA:1,(anonymous_6)
DA:24,1
DA:26,5
DA:30,5
DA:31,5
DA:32,5
DA:33,5
DA:38,1
DA:41,5
DA:42,1
DA:45,5
DA:47,1
DA:48,0
DA:50,1
DA:52,1
DA:60,1
DA:62,1
DA:67,5
DA:68,1
DA:69,1
LF:19
LH:18
BRDA:47,0,0,0
BRDA:56,1,0,1
BRDA:56,1,1,0
BRDA:67,2,0,1
BRF:4
BRH:2
end_of_record
TN:
SF:src/app/shared/components/cards/card/card.title.description.view.ts
FN:26,(anonymous_0)
FN:30,(anonymous_1)
FNF:2
FNH:2
FNDA:3,(anonymous_0)
FNDA:2,(anonymous_1)
DA:20,1
DA:22,3
DA:23,3
DA:27,3
DA:30,3
DA:31,2
LF:6
LH:6
BRF:0
BRH:0
end_of_record
TN:
SF:src/app/shared/components/tabs/tabs.identifier.ts
FNF:0
FNH:0
DA:9,1
LF:1
LH:1
BRF:0
BRH:0
end_of_record
TN:
SF:src/app/shared/components/tabs/tabs.page.ts
FN:19,(anonymous_0)
FN:24,(anonymous_1)
FNF:2
FNH:2
FNDA:1,(anonymous_0)
FNDA:1,(anonymous_1)
DA:14,1
DA:15,1
DA:17,1
DA:20,1
DA:21,1
DA:24,1
DA:25,1
DA:26,1
DA:27,1
LF:9
LH:9
BRF:0
BRH:0
end_of_record
TN:
SF:src/app/shared/interfaces/network.request.interface.ts
FNF:0
FNH:0
DA:5,1
LF:1
LH:1
BRF:0
BRH:0
end_of_record
TN:
SF:src/app/shared/logic/future.date.validator.ts
FN:3,(anonymous_0)
FNF:1
FNH:1
FNDA:28,(anonymous_0)
DA:3,1
DA:4,28
DA:5,28
DA:6,28
DA:8,28
LF:5
LH:5
BRDA:8,0,0,1
BRDA:8,0,1,27
BRF:2
BRH:2
end_of_record
TN:
SF:src/app/shared/logic/query.params.ts
FN:5,buildURL
FN:9,(anonymous_1)
FNF:2
FNH:2
FNDA:5,buildURL
FNDA:3,(anonymous_1)
DA:6,5
DA:8,5
DA:9,3
DA:10,3
DA:11,3
DA:16,5
LF:6
LH:6
BRDA:8,0,0,3
BRDA:10,1,0,3
BRDA:10,2,0,3
BRDA:10,2,1,3
BRF:4
BRH:4
end_of_record
TN:
SF:src/app/shared/services/network/api.requiriments.ts
FN:5,(anonymous_0)
FN:6,(anonymous_1)
FN:7,(anonymous_2)
FN:8,(anonymous_3)
FNF:4
FNH:4
FNDA:1,(anonymous_0)
FNDA:1,(anonymous_1)
FNDA:1,(anonymous_2)
FNDA:2,(anonymous_3)
DA:5,1
DA:6,1
DA:7,1
DA:8,2
LF:4
LH:4
BRF:0
BRH:0
end_of_record
TN:
SF:src/app/shared/services/network/api.routes.ts
FN:6,(anonymous_0)
FN:7,(anonymous_1)
FNF:2
FNH:2
FNDA:2,(anonymous_0)
FNDA:3,(anonymous_1)
DA:5,1
DA:6,2
DA:7,3
LF:3
LH:3
BRF:0
BRH:0
end_of_record
TN:
SF:src/environments/environment.prod.ts
FNF:0
FNH:0
DA:1,1
LF:1
LH:1
BRF:0
BRH:0
end_of_record
